<?xml version="1.0" encoding="UTF-8"?><testsuite errors="0" failures="0" name="testcal.features.search.SearchByKeywordStory" skipped="0" tests="4" time="50.9" timestamp="2020-05-07 03:26:27"><testcase classname="testcal.features.search.SearchByKeywordStory" name="Add number1 number2"/><testcase classname="testcal.features.search.SearchByKeywordStory" name="Mul number1 number2"/><testcase classname="testcal.features.search.SearchByKeywordStory" name="Sub number1 and number2"/><testcase classname="testcal.features.search.SearchByKeywordStory" name="Div number1 number2"/></testsuite>